[debug] [2024-12-01T08:55:14.206Z] ----------------------------------------------------------------------
[debug] [2024-12-01T08:55:14.212Z] Command:       C:\Program Files\nodejs\node.exe C:\Users\Тимофей\AppData\Roaming\npm\node_modules\firebase-tools\lib\bin\firebase.js init functions
[debug] [2024-12-01T08:55:14.213Z] CLI Version:   13.27.0
[debug] [2024-12-01T08:55:14.213Z] Platform:      win32
[debug] [2024-12-01T08:55:14.213Z] Node Version:  v22.11.0
[debug] [2024-12-01T08:55:14.214Z] Time:          Sun Dec 01 2024 14:55:14 GMT+0600 (Омск, стандартное время)
[debug] [2024-12-01T08:55:14.214Z] ----------------------------------------------------------------------
[debug] 
[debug] [2024-12-01T08:55:14.348Z] > command requires scopes: ["email","openid","https://www.googleapis.com/auth/cloudplatformprojects.readonly","https://www.googleapis.com/auth/firebase","https://www.googleapis.com/auth/cloud-platform"]
[debug] [2024-12-01T08:55:14.349Z] > authorizing via signed-in user (pitook427@gmail.com)
[info] 
     ######## #### ########  ######## ########     ###     ######  ########
     ##        ##  ##     ## ##       ##     ##  ##   ##  ##       ##
     ######    ##  ########  ######   ########  #########  ######  ######
     ##        ##  ##    ##  ##       ##     ## ##     ##       ## ##
     ##       #### ##     ## ######## ########  ##     ##  ######  ########

You're about to initialize a Firebase project in this directory:

  C:\Users\Тимофей\Desktop\CURSOVIC

Before we get started, keep in mind:

  * You are initializing within an existing Firebase project directory

[info] 
=== Project Setup
[info] 
[info] First, let's associate this project directory with a Firebase project.
[info] You can create multiple project aliases by running firebase use --add, 
[info] but for now we'll just set up a default project.
[info] 
[debug] [2024-12-01T08:55:29.241Z] Using project from CLI flag: donut-clicker-3d589
[debug] [2024-12-01T08:55:29.244Z] Checked if tokens are valid: true, expires at: 1733046627431
[debug] [2024-12-01T08:55:29.245Z] Checked if tokens are valid: true, expires at: 1733046627431
[debug] [2024-12-01T08:55:29.252Z] >>> [apiv2][query] GET https://firebase.googleapis.com/v1beta1/projects/donut-clicker-3d589 [none]
[debug] [2024-12-01T08:55:29.755Z] <<< [apiv2][status] GET https://firebase.googleapis.com/v1beta1/projects/donut-clicker-3d589 200
[debug] [2024-12-01T08:55:29.756Z] <<< [apiv2][body] GET https://firebase.googleapis.com/v1beta1/projects/donut-clicker-3d589 {"projectId":"donut-clicker-3d589","projectNumber":"579736190836","displayName":"donut-clicker","name":"projects/donut-clicker-3d589","resources":{"hostingSite":"donut-clicker-3d589"},"state":"ACTIVE","etag":"1_e7c956dd-9fa5-4a33-8a92-95ac8575f36f"}
[info] i  Using project donut-clicker-3d589 (donut-clicker) 
[info] 
=== Functions Setup
[debug] [2024-12-01T08:55:29.832Z] > command requires scopes: ["email","openid","https://www.googleapis.com/auth/cloudplatformprojects.readonly","https://www.googleapis.com/auth/firebase","https://www.googleapis.com/auth/cloud-platform"]
[debug] [2024-12-01T08:55:29.833Z] > authorizing via signed-in user (pitook427@gmail.com)
[debug] [2024-12-01T08:55:29.833Z] [iam] checking project donut-clicker-3d589 for permissions ["firebase.projects.get"]
[debug] [2024-12-01T08:55:29.834Z] Checked if tokens are valid: true, expires at: 1733046627431
[debug] [2024-12-01T08:55:29.834Z] Checked if tokens are valid: true, expires at: 1733046627431
[debug] [2024-12-01T08:55:29.834Z] >>> [apiv2][query] POST https://cloudresourcemanager.googleapis.com/v1/projects/donut-clicker-3d589:testIamPermissions [none]
[debug] [2024-12-01T08:55:29.834Z] >>> [apiv2][(partial)header] POST https://cloudresourcemanager.googleapis.com/v1/projects/donut-clicker-3d589:testIamPermissions x-goog-quota-user=projects/donut-clicker-3d589
[debug] [2024-12-01T08:55:29.834Z] >>> [apiv2][body] POST https://cloudresourcemanager.googleapis.com/v1/projects/donut-clicker-3d589:testIamPermissions {"permissions":["firebase.projects.get"]}
[debug] [2024-12-01T08:55:30.810Z] <<< [apiv2][status] POST https://cloudresourcemanager.googleapis.com/v1/projects/donut-clicker-3d589:testIamPermissions 200
[debug] [2024-12-01T08:55:30.811Z] <<< [apiv2][body] POST https://cloudresourcemanager.googleapis.com/v1/projects/donut-clicker-3d589:testIamPermissions {"permissions":["firebase.projects.get"]}
[debug] [2024-12-01T08:55:30.812Z] Checked if tokens are valid: true, expires at: 1733046627431
[debug] [2024-12-01T08:55:30.812Z] Checked if tokens are valid: true, expires at: 1733046627431
[debug] [2024-12-01T08:55:30.812Z] Checked if tokens are valid: true, expires at: 1733046627431
[debug] [2024-12-01T08:55:30.812Z] Checked if tokens are valid: true, expires at: 1733046627431
[debug] [2024-12-01T08:55:30.812Z] >>> [apiv2][query] GET https://serviceusage.googleapis.com/v1/projects/donut-clicker-3d589/services/cloudfunctions.googleapis.com [none]
[debug] [2024-12-01T08:55:30.812Z] >>> [apiv2][(partial)header] GET https://serviceusage.googleapis.com/v1/projects/donut-clicker-3d589/services/cloudfunctions.googleapis.com x-goog-quota-user=projects/donut-clicker-3d589
[debug] [2024-12-01T08:55:30.815Z] >>> [apiv2][query] GET https://serviceusage.googleapis.com/v1/projects/donut-clicker-3d589/services/runtimeconfig.googleapis.com [none]
[debug] [2024-12-01T08:55:30.815Z] >>> [apiv2][(partial)header] GET https://serviceusage.googleapis.com/v1/projects/donut-clicker-3d589/services/runtimeconfig.googleapis.com x-goog-quota-user=projects/donut-clicker-3d589
[debug] [2024-12-01T08:55:31.880Z] <<< [apiv2][status] GET https://serviceusage.googleapis.com/v1/projects/donut-clicker-3d589/services/runtimeconfig.googleapis.com 200
[debug] [2024-12-01T08:55:31.880Z] <<< [apiv2][body] GET https://serviceusage.googleapis.com/v1/projects/donut-clicker-3d589/services/runtimeconfig.googleapis.com [omitted]
[debug] [2024-12-01T08:55:31.929Z] <<< [apiv2][status] GET https://serviceusage.googleapis.com/v1/projects/donut-clicker-3d589/services/cloudfunctions.googleapis.com 200
[debug] [2024-12-01T08:55:31.929Z] <<< [apiv2][body] GET https://serviceusage.googleapis.com/v1/projects/donut-clicker-3d589/services/cloudfunctions.googleapis.com [omitted]
[debug] [2024-12-01T08:55:31.930Z] Checked if tokens are valid: true, expires at: 1733046627431
[debug] [2024-12-01T08:55:31.930Z] Checked if tokens are valid: true, expires at: 1733046627431
[debug] [2024-12-01T08:55:31.930Z] >>> [apiv2][query] POST https://serviceusage.googleapis.com/v1/projects/donut-clicker-3d589/services/cloudfunctions.googleapis.com:enable [none]
[debug] [2024-12-01T08:55:31.930Z] >>> [apiv2][(partial)header] POST https://serviceusage.googleapis.com/v1/projects/donut-clicker-3d589/services/cloudfunctions.googleapis.com:enable x-goog-quota-user=projects/donut-clicker-3d589
[debug] [2024-12-01T08:55:32.563Z] <<< [apiv2][status] POST https://serviceusage.googleapis.com/v1/projects/donut-clicker-3d589/services/cloudfunctions.googleapis.com:enable 200
[debug] [2024-12-01T08:55:32.564Z] <<< [apiv2][body] POST https://serviceusage.googleapis.com/v1/projects/donut-clicker-3d589/services/cloudfunctions.googleapis.com:enable [omitted]
[debug] [2024-12-01T08:55:42.569Z] Checked if tokens are valid: true, expires at: 1733046627431
[debug] [2024-12-01T08:55:42.569Z] Checked if tokens are valid: true, expires at: 1733046627431
[debug] [2024-12-01T08:55:42.570Z] >>> [apiv2][query] GET https://serviceusage.googleapis.com/v1/projects/donut-clicker-3d589/services/cloudfunctions.googleapis.com [none]
[debug] [2024-12-01T08:55:42.570Z] >>> [apiv2][(partial)header] GET https://serviceusage.googleapis.com/v1/projects/donut-clicker-3d589/services/cloudfunctions.googleapis.com x-goog-quota-user=projects/donut-clicker-3d589
[debug] [2024-12-01T08:55:43.571Z] <<< [apiv2][status] GET https://serviceusage.googleapis.com/v1/projects/donut-clicker-3d589/services/cloudfunctions.googleapis.com 200
[debug] [2024-12-01T08:55:43.571Z] <<< [apiv2][body] GET https://serviceusage.googleapis.com/v1/projects/donut-clicker-3d589/services/cloudfunctions.googleapis.com [omitted]
[info] Let's create a new codebase for your functions.
[info] A directory corresponding to the codebase will be created in your project
[info] with sample code pre-configured.

[info] See https://firebase.google.com/docs/functions/organize-functions for
[info] more information on organizing your functions using codebases.

[info] Functions can be deployed with firebase deploy.

[info] +  Wrote functions/requirements.txt 
[info] +  Wrote functions/.gitignore 
[info] +  Wrote functions/main.py 
[debug] [2024-12-01T09:04:46.856Z] Running command with virtualenv: command="C:\Users\Тимофей\Desktop\CURSOVIC\functions\venv\Scripts\activate.bat", args=["","&&","pip3","install","--upgrade","pip"]
[debug] [2024-12-01T09:04:56.556Z] Error: spawn "C:\Users\Тимофей\Desktop\CURSOVIC\functions\venv\Scripts\activate.bat" ENOENT
    at notFoundError (C:\Users\Тимофей\AppData\Roaming\npm\node_modules\firebase-tools\node_modules\cross-spawn\lib\enoent.js:6:26)
    at verifyENOENT (C:\Users\Тимофей\AppData\Roaming\npm\node_modules\firebase-tools\node_modules\cross-spawn\lib\enoent.js:40:16)
    at cp.emit (C:\Users\Тимофей\AppData\Roaming\npm\node_modules\firebase-tools\node_modules\cross-spawn\lib\enoent.js:27:25)
    at ChildProcess._handle.onexit (node:internal/child_process:293:12)
[error] 
[error] Error: An unexpected error has occurred.
